#-----------------------------------------------------------
# Vivado v2018.3 (64-bit)
# SW Build 2405991 on Thu Dec  6 23:38:27 MST 2018
# IP Build 2404404 on Fri Dec  7 01:43:56 MST 2018
# Start of session at: Fri Oct  1 22:05:03 2021
# Process ID: 19816
# Current directory: C:/Users/Yuhan Yang/Downloads/noise_LCG/noise_LCG
# Command line: vivado.exe -gui_launcher_event rodinguilauncherevent25356 C:\Users\Yuhan Yang\Downloads\noise_LCG\noise_LCG\noise_LCG.xpr
# Log file: C:/Users/Yuhan Yang/Downloads/noise_LCG/noise_LCG/vivado.log
# Journal file: C:/Users/Yuhan Yang/Downloads/noise_LCG/noise_LCG\vivado.jou
#-----------------------------------------------------------
start_gui
open_project -read_only -part xc7k70tfbv676-1 {C:/Users/Yuhan Yang/Downloads/noise_LCG/noise_LCG/noise_LCG.xpr}
INFO: [Project 1-313] Project file moved from 'F:/1.work_user/1.noise_gen/noise_LCG' since last save.
Scanning sources...
Finished scanning sources
INFO: [Project 1-573] Overriding 'synth_1' run's part, 'xcku085-flva1517-2-i', with new part: 'xc7k70tfbv676-1'.
INFO: [Project 1-573] Overriding 'mult_a_x_synth_1' run's part, 'xcku085-flva1517-2-i', with new part: 'xc7k70tfbv676-1'.
INFO: [Project 1-573] Overriding 'div_gen_remain_synth_1' run's part, 'xcku085-flva1517-2-i', with new part: 'xc7k70tfbv676-1'.
INFO: [Project 1-573] Overriding 'impl_1' run's part, 'xcku085-flva1517-2-i', with new part: 'xc7k70tfbv676-1'.
INFO: [Project 1-573] Overriding 'mult_a_x_impl_1' run's part, 'xcku085-flva1517-2-i', with new part: 'xc7k70tfbv676-1'.
INFO: [Project 1-573] Overriding 'div_gen_remain_impl_1' run's part, 'xcku085-flva1517-2-i', with new part: 'xc7k70tfbv676-1'.
INFO: [Project 1-563] Overriding project part, 'xcku085-flva1517-2-i', with new part: 'xc7k70tfbv676-1'.
INFO: [IP_Flow 19-234] Refreshing IP repositories
INFO: [IP_Flow 19-1704] No user IP repositories specified
INFO: [IP_Flow 19-2313] Loaded Vivado IP repository 'D:/Vivado/2018.3/data/ip'.
WARNING: [IP_Flow 19-2162] IP 'mult_a_x' is locked:
* Project containing IP 'mult_a_x' is read-only.
* IP definition 'Multiplier (12.0)' for IP 'mult_a_x' (customized with software release 2017.4) has a different revision in the IP Catalog.
* Current project part 'xc7k70tfbv676-1' and the part 'xcku085-flva1517-2-i' used to customize the IP 'mult_a_x' do not match.
Please select 'Report IP Status' from the 'Tools/Report' menu or run Tcl command 'report_ip_status' for more information.
WARNING: [IP_Flow 19-2162] IP 'div_gen_remain' is locked:
* Project containing IP 'div_gen_remain' is read-only.
* IP definition 'Divider Generator (5.1)' for IP 'div_gen_remain' (customized with software release 2017.4) has a different revision in the IP Catalog.
* Current project part 'xc7k70tfbv676-1' and the part 'xcku085-flva1517-2-i' used to customize the IP 'div_gen_remain' do not match.
Please select 'Report IP Status' from the 'Tools/Report' menu or run Tcl command 'report_ip_status' for more information.
WARNING: [Project 1-229] Project 'noise_LCG.xpr' is read-only and therefore could not be upgraded for this version of Vivado.  Use 'File | Save Project As...' if you wish to save an upgraded copy.
update_compile_order -fileset sources_1
exit
INFO: [Common 17-206] Exiting Vivado at Fri Oct  1 22:08:06 2021...
